<?xml version="1.0" encoding="UTF-8"?>
<!-- Generated by org.testng.reporters.JUnitReportReporter -->
<testsuite skipped="0" hostname="Rajs-MacBook-Air.local" name="StepDefinitions.BookingSuccessFlow" tests="1" failures="0" timestamp="2021-05-11T00:19:23 AEST" time="4.281" errors="0">
  <testcase name="browser_is_open" time="4.281" classname="StepDefinitions.BookingSuccessFlow"/>
  <system-out/>
</testsuite> <!-- StepDefinitions.BookingSuccessFlow -->
